<?xml version="1.0" encoding="UTF-8"?>
<!-- Generated by org.testng.reporters.JUnitReportReporter -->
<testsuite skipped="0" hostname="Seenu" name="TestClass" tests="1" failures="0" timestamp="28 Apr 2018 23:54:45 GMT" time="0.031" errors="0">
  <testcase name="method1" time="0.031" classname="TestClass"/>
</testsuite> <!-- TestClass -->
