<?xml version="1.0" encoding="UTF-8"?>
<!-- Generated by org.testng.reporters.JUnitReportReporter -->
<testsuite skipped="0" hostname="Seenu" name="SimpleLoginTest.FbLogIn" tests="1" failures="0" timestamp="29 Apr 2018 02:01:18 GMT" time="25.699" errors="0">
  <testcase name="Gm1" time="25.699" classname="SimpleLoginTest.FbLogIn"/>
</testsuite> <!-- SimpleLoginTest.FbLogIn -->
